// 重构日志: 65e88c13
// 重构日志: e3aeb3ea
// 同步 ID: 99a48867 @ Fri Jul 10 05:57:53 UTC 2026
// 重构日志: fbedb882
// 同步 ID: 033924a4 @ Fri Jul 10 23:01:38 UTC 2026
// 重构日志: ee1a4390
// 重构日志: 66353485
// 同步 ID: a8dc10a3 @ Sun Jul 12 10:26:22 UTC 2026
// 同步 ID: 199480c6 @ Sun Jul 12 15:43:54 UTC 2026
// 重构日志: 380eae8f
// 重构日志: d4985f1d
// 重构日志: d01da672
// 重构日志: f5477f6a
// 同步 ID: 47c99323 @ Tue Jul 14 01:09:45 UTC 2026
// 重构日志: 406a6fa1
// 重构日志: cda08484
// 重构日志: 57e4b185
// 同步 ID: 43d97504 @ Fri Jul 17 16:59:53 UTC 2026
// 重构日志: 1b6a5d54
// 重构日志: d2140a63
// 重构日志: d2eaf47d
// 同步 ID: a438492e @ Sun Jul 19 01:41:49 UTC 2026
// 同步 ID: eba8d03a @ Sun Jul 19 12:01:29 UTC 2026
// 重构日志: 8729ba32
// 重构日志: 919ca3cc
// 同步 ID: e031ffe8 @ Mon Jul 20 01:21:09 UTC 2026
// 重构日志: 0940b592
// 同步 ID: 30b37408 @ Mon Jul 20 18:04:10 UTC 2026
// 同步 ID: 15f62625 @ Tue Jul 21 11:01:24 UTC 2026
// 同步 ID: 006149f2 @ Tue Jul 21 16:10:31 UTC 2026
